// 重构日志: bef6068a
// 同步 ID: 0c518abd @ Sun Jun 21 18:00:02 UTC 2026
// 同步 ID: 6a9ba410 @ Tue Jun 23 12:39:54 UTC 2026
// 同步 ID: 15ffe72d @ Fri Jun 26 12:22:33 UTC 2026
// 重构日志: 44658418
// 重构日志: 31c3a633
// 同步 ID: fdc41c35 @ Sun Jul  5 05:55:23 UTC 2026
// 同步 ID: b2604e7c @ Sun Jul  5 12:05:40 UTC 2026
// 同步 ID: 11fc92d5 @ Wed Jul  8 05:37:21 UTC 2026
// 同步 ID: f4b01858 @ Wed Jul  8 11:17:54 UTC 2026
// 重构日志: b71cafda
// 同步 ID: 7fbe67fa @ Fri Jul 10 04:30:24 UTC 2026
// 重构日志: 25b912b9
// 重构日志: e1202600
// 重构日志: ee39b23c
// 同步 ID: 7d6346f2 @ Mon Jul 13 04:57:44 UTC 2026
// 同步 ID: 91f33b4c @ Mon Jul 13 09:09:39 UTC 2026
// 重构日志: 6a8ec436
// 重构日志: 0ca9aaaa
// 同步 ID: edd4c9f6 @ Tue Jul 14 05:12:25 UTC 2026
// 重构日志: c68cc756
// 重构日志: 201d4ef7
// 重构日志: ec2b561b
// 重构日志: 61204727
// 重构日志: f9ee9cc0
// 同步 ID: cc83bf8c @ Fri Jul 17 01:56:56 UTC 2026
// 同步 ID: 8667aec4 @ Fri Jul 17 04:43:30 UTC 2026
// 重构日志: 0b7f7fb8
// 重构日志: 5d6dcea8
// 同步 ID: 66947509 @ Sat Jul 18 04:29:09 UTC 2026
